  Box.cpp
  Camera.cpp
  main.cpp
C:\Program Files (x86)\Windows Kits\10\Include\10.0.19041.0\shared\minwindef.h(130,1): warning C4005: 'APIENTRY': macro redefinition
j:\Downloads\grkOdp\grk\dependencies\glfw-3.3.8.bin.WIN32\include\GLFW\glfw3.h(123): message : see previous definition of 'APIENTRY'
j:\Downloads\grkOdp\grk\cw 7\src\ex_7_1.hpp(72,16): warning C4305: 'initializing': truncation from 'double' to 'float'
j:\Downloads\grkOdp\grk\cw 7\src\ex_7_1.hpp(117,13): warning C4244: 'initializing': conversion from 'double' to 'float', possible loss of data
  Render_Utils.cpp
  Shader_Loader.cpp
  Texture.cpp
  image_DXT.c
j:\Downloads\grkOdp\grk\cw 7\src\SOIL\image_DXT.c(92,9): warning C4996: 'fopen': This function or variable may be unsafe. Consider using fopen_s instead. To disable deprecation, use _CRT_SECURE_NO_WARNINGS. See online help for details.
  image_helper.c
j:\Downloads\grkOdp\grk\cw 7\src\SOIL\image_helper.c(325,1): warning C4244: 'initializing': conversion from 'double' to 'float', possible loss of data
j:\Downloads\grkOdp\grk\cw 7\src\SOIL\image_helper.c(366,58): warning C4244: '=': conversion from 'double' to 'float', possible loss of data
j:\Downloads\grkOdp\grk\cw 7\src\SOIL\image_helper.c(373,46): warning C4244: '=': conversion from 'float' to 'int', possible loss of data
j:\Downloads\grkOdp\grk\cw 7\src\SOIL\image_helper.c(415,58): warning C4244: '=': conversion from 'double' to 'float', possible loss of data
j:\Downloads\grkOdp\grk\cw 7\src\SOIL\image_helper.c(422,62): warning C4244: '=': conversion from 'float' to 'int', possible loss of data
  SOIL.c
j:\Downloads\grkOdp\grk\cw 7\src\SOIL\SOIL.c(1719,36): warning C4018: '<=': signed/unsigned mismatch
j:\Downloads\grkOdp\grk\cw 7\src\SOIL\SOIL.c(1729,19): warning C4018: '<': signed/unsigned mismatch
j:\Downloads\grkOdp\grk\cw 7\src\SOIL\SOIL.c(1841,6): warning C4996: 'fopen': This function or variable may be unsafe. Consider using fopen_s instead. To disable deprecation, use _CRT_SECURE_NO_WARNINGS. See online help for details.
  stb_image_aug.c
j:\Downloads\grkOdp\grk\cw 7\src\SOIL\stb_image_aug.c(177,14): warning C4996: 'fopen': This function or variable may be unsafe. Consider using fopen_s instead. To disable deprecation, use _CRT_SECURE_NO_WARNINGS. See online help for details.
j:\Downloads\grkOdp\grk\cw 7\src\SOIL\stb_image_aug.c(251,14): warning C4996: 'fopen': This function or variable may be unsafe. Consider using fopen_s instead. To disable deprecation, use _CRT_SECURE_NO_WARNINGS. See online help for details.
j:\Downloads\grkOdp\grk\cw 7\src\SOIL\stb_image_aug.c(303,14): warning C4996: 'fopen': This function or variable may be unsafe. Consider using fopen_s instead. To disable deprecation, use _CRT_SECURE_NO_WARNINGS. See online help for details.
j:\Downloads\grkOdp\grk\cw 7\src\SOIL\stb_image_aug.c(1557,14): warning C4996: 'fopen': This function or variable may be unsafe. Consider using fopen_s instead. To disable deprecation, use _CRT_SECURE_NO_WARNINGS. See online help for details.
j:\Downloads\grkOdp\grk\cw 7\src\SOIL\stb_image_aug.c(2394,14): warning C4996: 'fopen': This function or variable may be unsafe. Consider using fopen_s instead. To disable deprecation, use _CRT_SECURE_NO_WARNINGS. See online help for details.
j:\Downloads\grkOdp\grk\cw 7\src\SOIL\stb_image_aug.c(2709,14): warning C4996: 'fopen': This function or variable may be unsafe. Consider using fopen_s instead. To disable deprecation, use _CRT_SECURE_NO_WARNINGS. See online help for details.
j:\Downloads\grkOdp\grk\cw 7\src\SOIL\stb_image_aug.c(2995,14): warning C4996: 'fopen': This function or variable may be unsafe. Consider using fopen_s instead. To disable deprecation, use _CRT_SECURE_NO_WARNINGS. See online help for details.
j:\Downloads\grkOdp\grk\cw 7\src\SOIL\stb_image_aug.c(3209,14): warning C4996: 'fopen': This function or variable may be unsafe. Consider using fopen_s instead. To disable deprecation, use _CRT_SECURE_NO_WARNINGS. See online help for details.
j:\Downloads\grkOdp\grk\cw 7\src\SOIL\stb_image_aug.c(3548,14): warning C4996: 'fopen': This function or variable may be unsafe. Consider using fopen_s instead. To disable deprecation, use _CRT_SECURE_NO_WARNINGS. See online help for details.
j:\Downloads\grkOdp\grk\cw 7\src\SOIL\stb_image_aug.c(3644,14): warning C4996: 'fopen': This function or variable may be unsafe. Consider using fopen_s instead. To disable deprecation, use _CRT_SECURE_NO_WARNINGS. See online help for details.
j:\Downloads\grkOdp\grk\cw 7\src\SOIL\stbi_DDS_aug_c.h(362,19): warning C4018: '>': signed/unsigned mismatch
j:\Downloads\grkOdp\grk\cw 7\src\SOIL\stbi_DDS_aug_c.h(366,19): warning C4018: '>': signed/unsigned mismatch
j:\Downloads\grkOdp\grk\cw 7\src\SOIL\stbi_DDS_aug_c.h(390,19): warning C4018: '<': signed/unsigned mismatch
j:\Downloads\grkOdp\grk\cw 7\src\SOIL\stbi_DDS_aug_c.h(427,19): warning C4018: '<': signed/unsigned mismatch
j:\Downloads\grkOdp\grk\cw 7\src\SOIL\stbi_DDS_aug_c.h(498,14): warning C4996: 'fopen': This function or variable may be unsafe. Consider using fopen_s instead. To disable deprecation, use _CRT_SECURE_NO_WARNINGS. See online help for details.
  Generating code
  Previous IPDB not found, fall back to full compilation.
  All 495 functions were compiled because no usable IPDB/IOBJ from previous compilation was found.
  Finished generating code
  grk-cw7.vcxproj -> j:\Downloads\grkOdp\grk\Release\grk-cw7.exe
