  Box.cpp
  Camera.cpp
  main.cpp
C:\Program Files (x86)\Windows Kits\10\Include\10.0.19041.0\shared\minwindef.h(130,1): warning C4005: 'APIENTRY': macro redefinition
P:\grkOdp\grk\dependencies\glfw-3.3.8.bin.WIN32\include\GLFW\glfw3.h(123): message : see previous definition of 'APIENTRY'
P:\grkOdp\grk\cw 9\src\ex_9_1.hpp(197,30): warning C4305: 'initializing': truncation from 'double' to 'float'
P:\grkOdp\grk\cw 9\src\ex_9_1.hpp(214,38): warning C4305: '=': truncation from 'double' to 'float'
P:\grkOdp\grk\cw 9\src\ex_9_1.hpp(278,16): warning C4305: 'initializing': truncation from 'double' to 'float'
P:\grkOdp\grk\cw 9\src\ex_9_1.hpp(363,61): warning C4244: 'argument': conversion from 'GLuint' to 'GLfloat', possible loss of data
P:\grkOdp\grk\cw 9\src\ex_9_1.hpp(364,60): warning C4244: 'argument': conversion from 'GLuint' to 'GLfloat', possible loss of data
P:\grkOdp\grk\cw 9\src\ex_9_1.hpp(418,13): warning C4244: 'initializing': conversion from 'double' to 'float', possible loss of data
P:\grkOdp\grk\cw 9\src\ex_9_1.hpp(430,98): warning C4305: 'argument': truncation from 'double' to 'T'
          with
          [
              T=float
          ]
P:\grkOdp\grk\cw 9\src\ex_9_1.hpp(433,59): warning C4305: 'argument': truncation from 'double' to 'T'
          with
          [
              T=float
          ]
P:\grkOdp\grk\cw 9\src\ex_9_1.hpp(478,13): warning C4244: 'initializing': conversion from 'double' to 'float', possible loss of data
P:\grkOdp\grk\cw 9\src\ex_9_1.hpp(490,16): warning C4305: 'initializing': truncation from 'double' to 'float'
P:\grkOdp\grk\cw 9\src\ex_9_1.hpp(494,23): warning C4305: 'initializing': truncation from 'double' to 'float'
P:\grkOdp\grk\cw 9\src\ex_9_1.hpp(506,102): warning C4305: 'argument': truncation from 'double' to 'T'
          with
          [
              T=float
          ]
P:\grkOdp\grk\cw 9\src\ex_9_1.hpp(509,59): warning C4305: 'argument': truncation from 'double' to 'T'
          with
          [
              T=float
          ]
P:\grkOdp\grk\cw 9\src\ex_9_1.hpp(552,13): warning C4244: 'initializing': conversion from 'double' to 'float', possible loss of data
P:\grkOdp\grk\cw 9\src\ex_9_1.hpp(562,108): warning C4305: 'argument': truncation from 'double' to 'T'
          with
          [
              T=float
          ]
P:\grkOdp\grk\cw 9\src\ex_9_1.hpp(577,87): warning C4305: 'argument': truncation from 'double' to 'T'
          with
          [
              T=float
          ]
P:\grkOdp\grk\cw 9\src\ex_9_1.hpp(577,248): warning C4305: 'argument': truncation from 'double' to 'float'
P:\grkOdp\grk\cw 9\src\ex_9_1.hpp(580,59): warning C4305: 'argument': truncation from 'double' to 'T'
          with
          [
              T=float
          ]
P:\grkOdp\grk\cw 9\src\ex_9_1.hpp(581,59): warning C4305: 'argument': truncation from 'double' to 'float'
P:\grkOdp\grk\cw 9\src\ex_9_1.hpp(635,2): warning C4305: 'argument': truncation from 'double' to 'float'
P:\grkOdp\grk\cw 9\src\ex_9_1.hpp(674,15): warning C4101: 'textureID': unreferenced local variable
P:\grkOdp\grk\cw 9\src\ex_9_1.hpp(851,23): warning C4244: '=': conversion from 'double' to 'float', possible loss of data
P:\grkOdp\grk\cw 9\src\ex_9_1.hpp(853,23): warning C4244: '=': conversion from 'double' to 'float', possible loss of data
P:\grkOdp\grk\cw 9\src\ex_9_1.hpp(861,22): warning C4305: '-=': truncation from 'double' to 'float'
P:\grkOdp\grk\cw 9\src\ex_9_1.hpp(863,22): warning C4305: '+=': truncation from 'double' to 'float'
  Render_Utils.cpp
  Shader_Loader.cpp
  Texture.cpp
  Generating Code...
  image_DXT.c
P:\grkOdp\grk\cw 9\src\SOIL\image_DXT.c(92,9): warning C4996: 'fopen': This function or variable may be unsafe. Consider using fopen_s instead. To disable deprecation, use _CRT_SECURE_NO_WARNINGS. See online help for details.
  image_helper.c
P:\grkOdp\grk\cw 9\src\SOIL\image_helper.c(325,1): warning C4244: 'initializing': conversion from 'double' to 'float', possible loss of data
P:\grkOdp\grk\cw 9\src\SOIL\image_helper.c(366,58): warning C4244: '=': conversion from 'double' to 'float', possible loss of data
P:\grkOdp\grk\cw 9\src\SOIL\image_helper.c(373,46): warning C4244: '=': conversion from 'float' to 'int', possible loss of data
P:\grkOdp\grk\cw 9\src\SOIL\image_helper.c(415,58): warning C4244: '=': conversion from 'double' to 'float', possible loss of data
P:\grkOdp\grk\cw 9\src\SOIL\image_helper.c(422,62): warning C4244: '=': conversion from 'float' to 'int', possible loss of data
  SOIL.c
P:\grkOdp\grk\cw 9\src\SOIL\SOIL.c(1719,36): warning C4018: '<=': signed/unsigned mismatch
P:\grkOdp\grk\cw 9\src\SOIL\SOIL.c(1729,19): warning C4018: '<': signed/unsigned mismatch
P:\grkOdp\grk\cw 9\src\SOIL\SOIL.c(1841,6): warning C4996: 'fopen': This function or variable may be unsafe. Consider using fopen_s instead. To disable deprecation, use _CRT_SECURE_NO_WARNINGS. See online help for details.
  stb_image_aug.c
P:\grkOdp\grk\cw 9\src\SOIL\stb_image_aug.c(177,14): warning C4996: 'fopen': This function or variable may be unsafe. Consider using fopen_s instead. To disable deprecation, use _CRT_SECURE_NO_WARNINGS. See online help for details.
P:\grkOdp\grk\cw 9\src\SOIL\stb_image_aug.c(251,14): warning C4996: 'fopen': This function or variable may be unsafe. Consider using fopen_s instead. To disable deprecation, use _CRT_SECURE_NO_WARNINGS. See online help for details.
P:\grkOdp\grk\cw 9\src\SOIL\stb_image_aug.c(303,14): warning C4996: 'fopen': This function or variable may be unsafe. Consider using fopen_s instead. To disable deprecation, use _CRT_SECURE_NO_WARNINGS. See online help for details.
P:\grkOdp\grk\cw 9\src\SOIL\stb_image_aug.c(1557,14): warning C4996: 'fopen': This function or variable may be unsafe. Consider using fopen_s instead. To disable deprecation, use _CRT_SECURE_NO_WARNINGS. See online help for details.
P:\grkOdp\grk\cw 9\src\SOIL\stb_image_aug.c(2394,14): warning C4996: 'fopen': This function or variable may be unsafe. Consider using fopen_s instead. To disable deprecation, use _CRT_SECURE_NO_WARNINGS. See online help for details.
P:\grkOdp\grk\cw 9\src\SOIL\stb_image_aug.c(2709,14): warning C4996: 'fopen': This function or variable may be unsafe. Consider using fopen_s instead. To disable deprecation, use _CRT_SECURE_NO_WARNINGS. See online help for details.
P:\grkOdp\grk\cw 9\src\SOIL\stb_image_aug.c(2995,14): warning C4996: 'fopen': This function or variable may be unsafe. Consider using fopen_s instead. To disable deprecation, use _CRT_SECURE_NO_WARNINGS. See online help for details.
P:\grkOdp\grk\cw 9\src\SOIL\stb_image_aug.c(3209,14): warning C4996: 'fopen': This function or variable may be unsafe. Consider using fopen_s instead. To disable deprecation, use _CRT_SECURE_NO_WARNINGS. See online help for details.
P:\grkOdp\grk\cw 9\src\SOIL\stb_image_aug.c(3548,14): warning C4996: 'fopen': This function or variable may be unsafe. Consider using fopen_s instead. To disable deprecation, use _CRT_SECURE_NO_WARNINGS. See online help for details.
P:\grkOdp\grk\cw 9\src\SOIL\stb_image_aug.c(3644,14): warning C4996: 'fopen': This function or variable may be unsafe. Consider using fopen_s instead. To disable deprecation, use _CRT_SECURE_NO_WARNINGS. See online help for details.
P:\grkOdp\grk\cw 9\src\SOIL\stbi_DDS_aug_c.h(362,19): warning C4018: '>': signed/unsigned mismatch
P:\grkOdp\grk\cw 9\src\SOIL\stbi_DDS_aug_c.h(366,19): warning C4018: '>': signed/unsigned mismatch
P:\grkOdp\grk\cw 9\src\SOIL\stbi_DDS_aug_c.h(390,19): warning C4018: '<': signed/unsigned mismatch
P:\grkOdp\grk\cw 9\src\SOIL\stbi_DDS_aug_c.h(427,19): warning C4018: '<': signed/unsigned mismatch
P:\grkOdp\grk\cw 9\src\SOIL\stbi_DDS_aug_c.h(498,14): warning C4996: 'fopen': This function or variable may be unsafe. Consider using fopen_s instead. To disable deprecation, use _CRT_SECURE_NO_WARNINGS. See online help for details.
  Generating Code...
Box.obj : warning LNK4075: ignoring '/EDITANDCONTINUE' due to '/INCREMENTAL:NO' specification
LINK : warning LNK4098: defaultlib 'MSVCRT' conflicts with use of other libs; use /NODEFAULTLIB:library
  grk-cw9.vcxproj -> P:\grkOdp\grk\Debug\grk-cw9.exe
