  main.cpp
C:\Program Files (x86)\Windows Kits\10\Include\10.0.19041.0\shared\minwindef.h(130,1): warning C4005: 'APIENTRY': macro redefinition
j:\Downloads\grkOdp\grk\dependencies\glfw-3.3.8.bin.WIN32\include\GLFW\glfw3.h(123): message : see previous definition of 'APIENTRY'
j:\Downloads\grkOdp\grk\cw 8\src\ex_8_2.hpp(59,30): warning C4305: 'initializing': truncation from 'double' to 'float'
j:\Downloads\grkOdp\grk\cw 8\src\ex_8_2.hpp(72,38): warning C4305: '=': truncation from 'double' to 'float'
j:\Downloads\grkOdp\grk\cw 8\src\ex_8_2.hpp(95,16): warning C4305: 'initializing': truncation from 'double' to 'float'
j:\Downloads\grkOdp\grk\cw 8\src\ex_8_2.hpp(140,13): warning C4244: 'initializing': conversion from 'double' to 'float', possible loss of data
j:\Downloads\grkOdp\grk\cw 8\src\ex_8_2.hpp(148,68): warning C4305: 'argument': truncation from 'double' to 'GLfloat'
j:\Downloads\grkOdp\grk\cw 8\src\ex_8_2.hpp(175,125): warning C4305: 'argument': truncation from 'double' to 'T'
          with
          [
              T=float
          ]
j:\Downloads\grkOdp\grk\cw 8\src\ex_8_2.hpp(252,21): warning C4305: '-=': truncation from 'double' to 'float'
j:\Downloads\grkOdp\grk\cw 8\src\ex_8_2.hpp(254,21): warning C4305: '+=': truncation from 'double' to 'float'
  Generating code
  27 of 404 functions ( 6.7%) were compiled, the rest were copied from previous compilation.
    1 functions were new in current compilation
    10 functions had inline decision re-evaluated but remain unchanged
  Finished generating code
  grk-cw8.vcxproj -> j:\Downloads\grkOdp\grk\Release\grk-cw8.exe
