c:\users\andrzej\desktop\grk\zipy\grk-cw\cw 2\debug\vc142.pdb
c:\users\andrzej\desktop\grk\zipy\grk-cw\cw 2\debug\vc142.idb
c:\users\andrzej\desktop\grk\zipy\grk-cw\cw 2\debug\shader_loader.obj
c:\users\andrzej\desktop\grk\zipy\grk-cw\cw 2\debug\render_utils.obj
c:\users\andrzej\desktop\grk\zipy\grk-cw\cw 2\debug\main_2_2.obj
c:\users\andrzej\desktop\grk\zipy\grk-cw\cw 2\debug\camera.obj
c:\users\andrzej\desktop\grk\zipy\grk-cw\cw 2\debug\box.obj
c:\users\andrzej\desktop\grk\2021\grk glfw test\cw 2\debug\vc142.pdb
c:\users\andrzej\desktop\grk\2021\grk glfw test\cw 2\debug\vc142.idb
c:\users\andrzej\desktop\grk\2021\grk glfw test\cw 2\debug\shader_loader.obj
c:\users\andrzej\desktop\grk\2021\grk glfw test\cw 2\debug\render_utils.obj
c:\users\andrzej\desktop\grk\2021\grk glfw test\cw 2\debug\camera.obj
c:\users\andrzej\desktop\grk\2021\grk glfw test\cw 2\debug\box.obj
c:\users\andrzej\desktop\grk\2021\grk glfw test\cw 2\debug\main_2_1a.obj
c:\users\andrzej\desktop\grk\2021\grk glfw test\cw 2\debug\main.obj
c:\users\andrzej\desktop\grk\zipy\grk-cw\cw 2\debug\vcpkg.applocal.log
c:\users\andrzej\desktop\grk\2021\grk glfw test\cw 2\debug\vcpkg.applocal.log
c:\users\andrzej\desktop\grk\zipy\grk-cw\debug\grk-cw2.exe
c:\users\andrzej\desktop\grk\zipy\grk-cw\debug\grk-cw2.pdb
c:\users\andrzej\desktop\grk\2021\grk glfw test\debug\grk-cw2.exe
c:\users\andrzej\desktop\grk\2021\grk glfw test\debug\grk-cw2.pdb
c:\users\andrzej\desktop\grk\2021\grk glfw test\cw 2\debug\main_2_2.obj
c:\users\andrzej\desktop\grk\2021\grk glfw test\cw 2\debug\grk-cw2.tlog\cl.command.1.tlog
c:\users\andrzej\desktop\grk\2021\grk glfw test\cw 2\debug\grk-cw2.tlog\cl.read.1.tlog
c:\users\andrzej\desktop\grk\2021\grk glfw test\cw 2\debug\grk-cw2.tlog\cl.write.1.tlog
c:\users\andrzej\desktop\grk\2021\grk glfw test\cw 2\debug\grk-cw2.tlog\grk-cw2.write.1u.tlog
c:\users\andrzej\desktop\grk\2021\grk glfw test\cw 2\debug\grk-cw2.tlog\link.command.1.tlog
c:\users\andrzej\desktop\grk\2021\grk glfw test\cw 2\debug\grk-cw2.tlog\link.read.1.tlog
c:\users\andrzej\desktop\grk\2021\grk glfw test\cw 2\debug\grk-cw2.tlog\link.write.1.tlog
